<?xml version="1.0" encoding="utf-8"?><testsuites name="pytest tests"><testsuite name="pytest" errors="0" failures="0" skipped="0" tests="21" time="3.498" timestamp="2026-06-25T20:57:19.314840+00:00" hostname="agent-env-93edcd2e-65f2-4611-bd38-337db65e6c6f"><testcase classname="backend.tests.test_revo_leads" name="test_health" time="0.362" /><testcase classname="backend.tests.test_revo_leads" name="test_create_lead_minimal" time="0.062" /><testcase classname="backend.tests.test_revo_leads" name="test_create_lead_with_utm_persists" time="0.461" /><testcase classname="backend.tests.test_revo_leads" name="test_create_lead_invalid_email" time="0.058" /><testcase classname="backend.tests.test_revo_leads" name="test_create_lead_empty_name" time="0.052" /><testcase classname="backend.tests.test_revo_leads" name="test_download_report_pdf" time="0.126" /><testcase classname="backend.tests.test_revo_leads" name="test_login_wrong_password" time="0.280" /><testcase classname="backend.tests.test_revo_leads" name="test_login_unknown_user" time="0.050" /><testcase classname="backend.tests.test_revo_leads" name="test_auth_me" time="0.152" /><testcase classname="backend.tests.test_revo_leads" name="test_admin_endpoints_require_auth[GET-/leads]" time="0.098" /><testcase classname="backend.tests.test_revo_leads" name="test_admin_endpoints_require_auth[GET-/leads/stats]" time="0.123" /><testcase classname="backend.tests.test_revo_leads" name="test_admin_endpoints_require_auth[DELETE-/leads/000000000000000000000000]" time="0.107" /><testcase classname="backend.tests.test_revo_leads" name="test_admin_endpoints_reject_bad_token" time="0.113" /><testcase classname="backend.tests.test_revo_leads" name="test_stats" time="0.154" /><testcase classname="backend.tests.test_revo_leads" name="test_list_leads" time="0.127" /><testcase classname="backend.tests.test_revo_leads" name="test_search_leads" time="0.172" /><testcase classname="backend.tests.test_revo_leads" name="test_delete_lead_flow" time="0.418" /><testcase classname="backend.tests.test_revo_leads" name="test_delete_invalid_id" time="0.106" /><testcase classname="backend.tests.test_revo_leads" name="test_delete_missing_lead" time="0.104" /><testcase classname="backend.tests.test_revo_leads" name="test_csv_export" time="0.165" /><testcase classname="backend.tests.test_revo_leads" name="test_csv_export_bad_token" time="0.113" /></testsuite></testsuites>